mode: set
/Users/axellageraldinc/go/seelih/app/service/CategoryService.go:16.62,18.2 1 1
/Users/axellageraldinc/go/seelih/app/service/CityService.go:16.50,18.2 1 1
/Users/axellageraldinc/go/seelih/app/service/OrderService.go:25.78,26.62 1 1
/Users/axellageraldinc/go/seelih/app/service/OrderService.go:26.62,28.3 1 1
/Users/axellageraldinc/go/seelih/app/service/OrderService.go:28.8,30.38 2 1
/Users/axellageraldinc/go/seelih/app/service/OrderService.go:30.38,32.4 1 1
/Users/axellageraldinc/go/seelih/app/service/OrderService.go:32.9,32.52 1 1
/Users/axellageraldinc/go/seelih/app/service/OrderService.go:32.52,34.4 1 1
/Users/axellageraldinc/go/seelih/app/service/OrderService.go:34.9,34.60 1 1
/Users/axellageraldinc/go/seelih/app/service/OrderService.go:34.60,36.4 1 1
/Users/axellageraldinc/go/seelih/app/service/OrderService.go:36.9,36.60 1 1
/Users/axellageraldinc/go/seelih/app/service/OrderService.go:36.60,38.4 1 1
/Users/axellageraldinc/go/seelih/app/service/OrderService.go:38.9,38.49 1 1
/Users/axellageraldinc/go/seelih/app/service/OrderService.go:38.49,40.4 1 1
/Users/axellageraldinc/go/seelih/app/service/OrderService.go:40.9,40.68 1 1
/Users/axellageraldinc/go/seelih/app/service/OrderService.go:40.68,42.4 1 1
/Users/axellageraldinc/go/seelih/app/service/OrderService.go:42.9,46.37 3 1
/Users/axellageraldinc/go/seelih/app/service/OrderService.go:52.4,63.12 3 1
/Users/axellageraldinc/go/seelih/app/service/OrderService.go:46.37,48.5 1 1
/Users/axellageraldinc/go/seelih/app/service/OrderService.go:48.10,50.5 1 1
/Users/axellageraldinc/go/seelih/app/service/OrderService.go:68.101,70.2 1 1
/Users/axellageraldinc/go/seelih/app/service/OrderService.go:72.104,73.58 1 1
/Users/axellageraldinc/go/seelih/app/service/OrderService.go:73.58,75.3 1 1
/Users/axellageraldinc/go/seelih/app/service/OrderService.go:75.8,79.3 3 1
/Users/axellageraldinc/go/seelih/app/service/OrderService.go:82.98,83.58 1 1
/Users/axellageraldinc/go/seelih/app/service/OrderService.go:83.58,85.3 1 1
/Users/axellageraldinc/go/seelih/app/service/OrderService.go:85.8,89.3 3 1
/Users/axellageraldinc/go/seelih/app/service/OrderService.go:92.110,93.58 1 1
/Users/axellageraldinc/go/seelih/app/service/OrderService.go:93.58,95.3 1 1
/Users/axellageraldinc/go/seelih/app/service/OrderService.go:95.8,98.38 3 1
/Users/axellageraldinc/go/seelih/app/service/OrderService.go:98.38,102.4 3 1
/Users/axellageraldinc/go/seelih/app/service/OrderService.go:102.9,104.4 1 1
/Users/axellageraldinc/go/seelih/app/service/ProductService.go:31.110,34.23 2 1
/Users/axellageraldinc/go/seelih/app/service/ProductService.go:37.2,40.37 3 1
/Users/axellageraldinc/go/seelih/app/service/ProductService.go:49.2,64.24 4 1
/Users/axellageraldinc/go/seelih/app/service/ProductService.go:34.23,36.3 1 1
/Users/axellageraldinc/go/seelih/app/service/ProductService.go:40.37,42.3 1 1
/Users/axellageraldinc/go/seelih/app/service/ProductService.go:42.8,42.34 1 1
/Users/axellageraldinc/go/seelih/app/service/ProductService.go:42.34,44.3 1 1
/Users/axellageraldinc/go/seelih/app/service/ProductService.go:44.8,44.67 1 1
/Users/axellageraldinc/go/seelih/app/service/ProductService.go:44.67,46.3 1 1
/Users/axellageraldinc/go/seelih/app/service/ProductService.go:46.8,46.73 1 1
/Users/axellageraldinc/go/seelih/app/service/ProductService.go:46.73,48.3 1 1
/Users/axellageraldinc/go/seelih/app/service/ProductService.go:67.95,69.16 2 1
/Users/axellageraldinc/go/seelih/app/service/ProductService.go:72.2,77.27 4 1
/Users/axellageraldinc/go/seelih/app/service/ProductService.go:80.2,86.52 7 1
/Users/axellageraldinc/go/seelih/app/service/ProductService.go:69.16,71.3 1 1
/Users/axellageraldinc/go/seelih/app/service/ProductService.go:77.27,79.3 1 1
/Users/axellageraldinc/go/seelih/app/service/ProductService.go:89.75,91.2 1 1
/Users/axellageraldinc/go/seelih/app/service/ProductService.go:93.102,94.43 1 1
/Users/axellageraldinc/go/seelih/app/service/ProductService.go:94.43,96.3 1 1
/Users/axellageraldinc/go/seelih/app/service/ProductService.go:96.8,98.3 1 1
/Users/axellageraldinc/go/seelih/app/service/ProductService.go:101.114,102.47 1 1
/Users/axellageraldinc/go/seelih/app/service/ProductService.go:102.47,104.3 1 1
/Users/axellageraldinc/go/seelih/app/service/ProductService.go:104.8,107.3 2 1
/Users/axellageraldinc/go/seelih/app/service/UserService.go:21.80,23.51 2 1
/Users/axellageraldinc/go/seelih/app/service/UserService.go:23.51,25.3 1 1
/Users/axellageraldinc/go/seelih/app/service/UserService.go:25.8,36.33 4 1
/Users/axellageraldinc/go/seelih/app/service/UserService.go:36.33,38.4 1 1
/Users/axellageraldinc/go/seelih/app/service/UserService.go:38.9,40.4 1 1
/Users/axellageraldinc/go/seelih/app/service/UserService.go:44.74,45.51 1 1
/Users/axellageraldinc/go/seelih/app/service/UserService.go:45.51,50.21 5 1
/Users/axellageraldinc/go/seelih/app/service/UserService.go:50.21,52.4 1 1
/Users/axellageraldinc/go/seelih/app/service/UserService.go:52.9,54.4 1 1
/Users/axellageraldinc/go/seelih/app/service/UserService.go:55.8,57.3 1 1
/Users/axellageraldinc/go/seelih/app/service/UserService.go:60.70,61.41 1 1
/Users/axellageraldinc/go/seelih/app/service/UserService.go:61.41,64.3 2 1
/Users/axellageraldinc/go/seelih/app/service/UserService.go:64.8,66.3 1 1
/Users/axellageraldinc/go/seelih/app/service/UserService.go:69.51,79.2 2 1
/Users/axellageraldinc/go/seelih/app/service/UserService.go:81.62,85.2 1 1
/Users/axellageraldinc/go/seelih/app/service/UserService.go:87.73,92.16 3 1
/Users/axellageraldinc/go/seelih/app/service/UserService.go:97.2,97.13 1 1
/Users/axellageraldinc/go/seelih/app/service/UserService.go:92.16,95.3 2 1
