mode: set
/Users/axellageraldinc/go/seelih/app/controller/CityController.go:19.99,24.2 4 1
/Users/axellageraldinc/go/seelih/app/controller/OrderController.go:19.99,28.20 6 1
/Users/axellageraldinc/go/seelih/app/controller/OrderController.go:34.2,36.37 3 1
/Users/axellageraldinc/go/seelih/app/controller/OrderController.go:28.20,30.3 1 1
/Users/axellageraldinc/go/seelih/app/controller/OrderController.go:30.8,32.3 1 1
/Users/axellageraldinc/go/seelih/app/controller/OrderController.go:39.101,48.20 6 1
/Users/axellageraldinc/go/seelih/app/controller/OrderController.go:53.2,55.37 3 1
/Users/axellageraldinc/go/seelih/app/controller/OrderController.go:48.20,50.3 1 1
/Users/axellageraldinc/go/seelih/app/controller/OrderController.go:50.8,52.3 1 1
/Users/axellageraldinc/go/seelih/app/controller/OrderController.go:58.112,67.20 6 1
/Users/axellageraldinc/go/seelih/app/controller/OrderController.go:73.2,75.37 3 1
/Users/axellageraldinc/go/seelih/app/controller/OrderController.go:67.20,69.3 1 1
/Users/axellageraldinc/go/seelih/app/controller/OrderController.go:69.8,71.3 1 1
/Users/axellageraldinc/go/seelih/app/controller/OrderController.go:78.109,87.20 6 1
/Users/axellageraldinc/go/seelih/app/controller/OrderController.go:93.2,95.37 3 1
/Users/axellageraldinc/go/seelih/app/controller/OrderController.go:87.20,89.3 1 1
/Users/axellageraldinc/go/seelih/app/controller/OrderController.go:89.8,91.3 1 1
/Users/axellageraldinc/go/seelih/app/controller/OrderController.go:98.115,107.20 6 1
/Users/axellageraldinc/go/seelih/app/controller/OrderController.go:113.2,115.37 3 1
/Users/axellageraldinc/go/seelih/app/controller/OrderController.go:107.20,109.3 1 1
/Users/axellageraldinc/go/seelih/app/controller/OrderController.go:109.8,111.3 1 1
/Users/axellageraldinc/go/seelih/app/controller/ProductController.go:26.106,35.67 6 0
/Users/axellageraldinc/go/seelih/app/controller/ProductController.go:41.2,45.20 4 0
/Users/axellageraldinc/go/seelih/app/controller/ProductController.go:51.2,51.37 1 0
/Users/axellageraldinc/go/seelih/app/controller/ProductController.go:35.67,39.3 3 0
/Users/axellageraldinc/go/seelih/app/controller/ProductController.go:45.20,47.3 1 0
/Users/axellageraldinc/go/seelih/app/controller/ProductController.go:47.8,49.3 1 0
/Users/axellageraldinc/go/seelih/app/controller/ProductController.go:54.116,60.2 4 1
/Users/axellageraldinc/go/seelih/app/controller/ProductController.go:62.113,71.20 6 1
/Users/axellageraldinc/go/seelih/app/controller/ProductController.go:77.2,79.37 3 1
/Users/axellageraldinc/go/seelih/app/controller/ProductController.go:71.20,73.3 1 1
/Users/axellageraldinc/go/seelih/app/controller/ProductController.go:73.8,75.3 1 1
/Users/axellageraldinc/go/seelih/app/controller/ProductController.go:82.116,92.20 7 1
/Users/axellageraldinc/go/seelih/app/controller/ProductController.go:98.2,100.37 3 1
/Users/axellageraldinc/go/seelih/app/controller/ProductController.go:92.20,94.3 1 1
/Users/axellageraldinc/go/seelih/app/controller/ProductController.go:94.8,96.3 1 1
/Users/axellageraldinc/go/seelih/app/controller/ProductController.go:103.108,108.16 4 0
/Users/axellageraldinc/go/seelih/app/controller/ProductController.go:111.2,113.17 3 0
/Users/axellageraldinc/go/seelih/app/controller/ProductController.go:108.16,110.3 1 0
/Users/axellageraldinc/go/seelih/app/controller/UserController.go:22.95,31.15 6 1
/Users/axellageraldinc/go/seelih/app/controller/UserController.go:37.2,39.37 3 1
/Users/axellageraldinc/go/seelih/app/controller/UserController.go:31.15,33.3 1 1
/Users/axellageraldinc/go/seelih/app/controller/UserController.go:33.8,35.3 1 1
/Users/axellageraldinc/go/seelih/app/controller/UserController.go:42.92,51.20 6 1
/Users/axellageraldinc/go/seelih/app/controller/UserController.go:57.2,59.37 3 1
/Users/axellageraldinc/go/seelih/app/controller/UserController.go:51.20,53.3 1 1
/Users/axellageraldinc/go/seelih/app/controller/UserController.go:53.8,55.3 1 1
/Users/axellageraldinc/go/seelih/app/controller/UserController.go:62.98,72.20 6 1
/Users/axellageraldinc/go/seelih/app/controller/UserController.go:78.2,80.37 3 1
/Users/axellageraldinc/go/seelih/app/controller/UserController.go:72.20,74.3 1 1
/Users/axellageraldinc/go/seelih/app/controller/UserController.go:74.8,76.3 1 1
/Users/axellageraldinc/go/seelih/app/controller/CategoryController.go:18.112,23.2 4 1
