mode: set
/Users/axellageraldinc/go/seelih/app/controller/ProductController.go:26.106,35.67 6 0
/Users/axellageraldinc/go/seelih/app/controller/ProductController.go:42.2,46.20 4 0
/Users/axellageraldinc/go/seelih/app/controller/ProductController.go:52.2,52.37 1 0
/Users/axellageraldinc/go/seelih/app/controller/ProductController.go:35.67,40.3 4 0
/Users/axellageraldinc/go/seelih/app/controller/ProductController.go:46.20,48.3 1 0
/Users/axellageraldinc/go/seelih/app/controller/ProductController.go:48.8,50.3 1 0
/Users/axellageraldinc/go/seelih/app/controller/ProductController.go:55.116,61.2 4 1
/Users/axellageraldinc/go/seelih/app/controller/ProductController.go:63.113,72.20 6 1
/Users/axellageraldinc/go/seelih/app/controller/ProductController.go:78.2,80.37 3 1
/Users/axellageraldinc/go/seelih/app/controller/ProductController.go:72.20,74.3 1 1
/Users/axellageraldinc/go/seelih/app/controller/ProductController.go:74.8,76.3 1 1
/Users/axellageraldinc/go/seelih/app/controller/ProductController.go:83.116,93.20 7 1
/Users/axellageraldinc/go/seelih/app/controller/ProductController.go:99.2,101.37 3 1
/Users/axellageraldinc/go/seelih/app/controller/ProductController.go:93.20,95.3 1 1
/Users/axellageraldinc/go/seelih/app/controller/ProductController.go:95.8,97.3 1 1
/Users/axellageraldinc/go/seelih/app/controller/ProductController.go:104.108,109.16 4 0
/Users/axellageraldinc/go/seelih/app/controller/ProductController.go:112.2,114.17 3 0
/Users/axellageraldinc/go/seelih/app/controller/ProductController.go:109.16,111.3 1 0
/Users/axellageraldinc/go/seelih/app/controller/UserController.go:22.95,31.15 6 1
/Users/axellageraldinc/go/seelih/app/controller/UserController.go:37.2,39.37 3 1
/Users/axellageraldinc/go/seelih/app/controller/UserController.go:31.15,33.3 1 1
/Users/axellageraldinc/go/seelih/app/controller/UserController.go:33.8,35.3 1 1
/Users/axellageraldinc/go/seelih/app/controller/UserController.go:42.92,51.20 6 1
/Users/axellageraldinc/go/seelih/app/controller/UserController.go:57.2,59.37 3 1
/Users/axellageraldinc/go/seelih/app/controller/UserController.go:51.20,53.3 1 1
/Users/axellageraldinc/go/seelih/app/controller/UserController.go:53.8,55.3 1 1
/Users/axellageraldinc/go/seelih/app/controller/UserController.go:62.98,72.20 6 1
/Users/axellageraldinc/go/seelih/app/controller/UserController.go:78.2,80.37 3 1
/Users/axellageraldinc/go/seelih/app/controller/UserController.go:72.20,74.3 1 1
/Users/axellageraldinc/go/seelih/app/controller/UserController.go:74.8,76.3 1 1
/Users/axellageraldinc/go/seelih/app/controller/CategoryController.go:18.112,23.2 4 1
/Users/axellageraldinc/go/seelih/app/controller/CityController.go:19.99,24.2 4 1
/Users/axellageraldinc/go/seelih/app/controller/OrderController.go:19.99,28.20 6 1
/Users/axellageraldinc/go/seelih/app/controller/OrderController.go:34.2,36.37 3 1
/Users/axellageraldinc/go/seelih/app/controller/OrderController.go:28.20,30.3 1 1
/Users/axellageraldinc/go/seelih/app/controller/OrderController.go:30.8,32.3 1 1
/Users/axellageraldinc/go/seelih/app/controller/OrderController.go:39.101,48.20 6 1
/Users/axellageraldinc/go/seelih/app/controller/OrderController.go:53.2,55.37 3 1
/Users/axellageraldinc/go/seelih/app/controller/OrderController.go:48.20,50.3 1 1
/Users/axellageraldinc/go/seelih/app/controller/OrderController.go:50.8,52.3 1 1
/Users/axellageraldinc/go/seelih/app/controller/OrderController.go:58.112,67.20 6 1
/Users/axellageraldinc/go/seelih/app/controller/OrderController.go:73.2,75.37 3 1
/Users/axellageraldinc/go/seelih/app/controller/OrderController.go:67.20,69.3 1 1
/Users/axellageraldinc/go/seelih/app/controller/OrderController.go:69.8,71.3 1 1
/Users/axellageraldinc/go/seelih/app/controller/OrderController.go:78.109,87.20 6 1
/Users/axellageraldinc/go/seelih/app/controller/OrderController.go:93.2,95.37 3 1
/Users/axellageraldinc/go/seelih/app/controller/OrderController.go:87.20,89.3 1 1
/Users/axellageraldinc/go/seelih/app/controller/OrderController.go:89.8,91.3 1 1
/Users/axellageraldinc/go/seelih/app/controller/OrderController.go:98.115,107.20 6 1
/Users/axellageraldinc/go/seelih/app/controller/OrderController.go:113.2,115.37 3 1
/Users/axellageraldinc/go/seelih/app/controller/OrderController.go:107.20,109.3 1 1
/Users/axellageraldinc/go/seelih/app/controller/OrderController.go:109.8,111.3 1 1
